<?xml version="1.0" encoding="UTF-8"?>
<!-- Generated by org.testng.reporters.JUnitReportReporter -->
<testsuite hostname="NODE1280" name="com.salesforce.test.website.CreateObjectTest" tests="1" failures="0" timestamp="23 Jan 2020 18:55:00 GMT" time="83.083" errors="0">
  <testcase name="createAContactAndDeleteTest" time="83.083" classname="com.salesforce.test.website.CreateObjectTest"/>
</testsuite> <!-- com.salesforce.test.website.CreateObjectTest -->
